-------------------------------------------------------------------------------
Test set: com.basic.getRequestBasicsSD.RunnerGETRequestTest
-------------------------------------------------------------------------------
Tests run: 3, Failures: 1, Errors: 0, Skipped: 0, Time elapsed: 5.611 sec <<< FAILURE!
Test my Get Method101(First GET Rest Assured test101)  Time elapsed: 1.792 sec  <<< FAILURE!
java.lang.AssertionError
	at org.junit.Assert.fail(Assert.java:86)
	at org.junit.Assert.assertTrue(Assert.java:41)
	at org.junit.Assert.assertTrue(Assert.java:52)
	at com.basic.getRequestBasicsSD.GETRequestTestSD.user_checks_data_at_path_having_value_in_jason(GETRequestTestSD.java:42)
	at ?.user checks data at path "MRData.CircuitTable.Circuits[3].circuitId" having value "MOnaco" in jason(file:///D:/IBM/workspace/CucumberLatestBuild/src/test/resources/com/basic/getRequestBasicsFF/GetRequestTesting.feature:10)

