<?xml version="1.0" encoding="UTF-8" ?>
<testsuite tests="1" failures="0" name="com.basic.postFromTextFileSD.RunMyPostFromTextFileTest" time="0.016" errors="0" skipped="1">
  <properties>
[...]
</properties>
  <testcase classname="First Rest Assured test POST" name="Test my POST request test" time="0.016">
    <skipped/>
    <system-out>
&amp;#27;[33mUndefined scenarios:&amp;#27;[0m
&amp;#27;[33mfile:///D:/IBM/workspace/CucumberLatestBuild/src/test/resources/com/basic/MyGoogleRestAssured/MyFeatureFile.feature:3&amp;#27;[0m# 1.I want to test google is up and running
&amp;#27;[33mfile:///D:/IBM/workspace/CucumberLatestBuild/src/test/resources/com/basic/MyGoogleRestAssured/MyFeatureFile.feature:8&amp;#27;[0m# 2.I want to test that I am getting data from F1
&amp;#27;[33mfile:///D:/IBM/workspace/CucumberLatestBuild/src/test/resources/com/basic/MyGoogleRestAssured/MyFeatureFile2.feature:3&amp;#27;[0m# 1.I want to test google is up and running
&amp;#27;[33mfile:///D:/IBM/workspace/CucumberLatestBuild/src/test/resources/com/basic/MyGoogleRestAssured/MyFeatureFile2.feature:8&amp;#27;[0m# 2.I want to test that I am getting data from F1
&amp;#27;[33mfile:///D:/IBM/workspace/CucumberLatestBuild/src/test/resources/com/basic/MyGoogleRestAssured/TestGoogleStatusCode.feature:3&amp;#27;[0m# test google status code

5 Scenarios (&amp;#27;[33m5 undefined&amp;#27;[0m)
12 Steps (&amp;#27;[33m12 undefined&amp;#27;[0m)
0m0.059s


You can implement missing steps with the snippets below:

@Given(&quot;google have website&quot;)
public void google_have_website() {
    // Write code here that turns the phrase above into concrete actions
    throw new io.cucumber.java.PendingException();
}

@When(&quot;I hit google application&quot;)
public void i_hit_google_application() {
    // Write code here that turns the phrase above into concrete actions
    throw new io.cucumber.java.PendingException();
}

@Then(&quot;I validate status code&quot;)
public void i_validate_status_code() {
    // Write code here that turns the phrase above into concrete actions
    throw new io.cucumber.java.PendingException();
}

@When(&quot;I hit F1 race application&quot;)
public void i_hit_F1_race_application() {
    // Write code here that turns the phrase above into concrete actions
    throw new io.cucumber.java.PendingException();
}

@Then(&quot;I validate the status code of F1 app&quot;)
public void i_validate_the_status_code_of_F1_app() {
    // Write code here that turns the phrase above into concrete actions
    throw new io.cucumber.java.PendingException();
}

@Given(&quot;User hit google applicaiton&quot;)
public void user_hit_google_applicaiton() {
    // Write code here that turns the phrase above into concrete actions
    throw new io.cucumber.java.PendingException();
}

@Then(&quot;user checks {string} status code&quot;)
public void user_checks_status_code(String string) {
    // Write code here that turns the phrase above into concrete actions
    throw new io.cucumber.java.PendingException();
}



Scenario: Test my POST request test              # src/test/resources/com/basic/postFromTextFileFF/PostFromTextFile.feature:4
  Given user hit the post request from text file # null
  Then user validate the id is not null          # null
</system-out>
    <system-err>Jul 20, 2020 4:32:52 PM io.cucumber.junit.Cucumber &lt;init&gt;
WARNING: By default Cucumber is running in --non-strict mode.
This default will change to --strict and --non-strict will be removed.
You can use --strict or @CucumberOptions(strict = true) to suppress this warning
</system-err>
  </testcase>
</testsuite>