<?xml version="1.0" encoding="UTF-8" ?>
<testsuite tests="2" failures="0" name="com.basic.tagsOfcucumberSD.RunnerGETRequestTest" time="0.047" errors="0" skipped="2">
  <properties>
[...]
</properties>
  <testcase classname="First GET Rest Assured test105" name="Test my Get Method111" time="0.031">
    <skipped/>
    <system-out>
Undefined scenarios:
file:///D:/IBM/workspace/CucumberLatestBuild/src/test/resources/com/basic/postWithDataTableFF/PostWithDataTable.feature:4# Test my POST request test

1 Scenarios (1 undefined)
3 Steps (3 undefined)
0m0.010s


You can implement missing steps with the snippets below:

@Given(&quot;user hit the post request with {string} name&quot;)
public void user_hit_the_post_request_with_name(String string) {
    // Write code here that turns the phrase above into concrete actions
    throw new io.cucumber.java.PendingException();
}

@Then(&quot;user validate followind data&quot;)
public void user_validate_followind_data(io.cucumber.datatable.DataTable dataTable) {
    // Write code here that turns the phrase above into concrete actions
    // For automatic transformation, change DataTable to one of
    // E, List&lt;E&gt;, List&lt;List&lt;E&gt;&gt;, List&lt;Map&lt;K,V&gt;&gt;, Map&lt;K,V&gt; or
    // Map&lt;K, List&lt;V&gt;&gt;. E,K,V must be a String, Integer, Float,
    // Double, Byte, Short, Long, BigInteger or BigDecimal.
    //
    // For other transformations you can register a DataTableType.
    throw new io.cucumber.java.PendingException();
}

@Then(&quot;I will validate other parameter&quot;)
public void i_will_validate_other_parameter() {
    // Write code here that turns the phrase above into concrete actions
    throw new io.cucumber.java.PendingException();
}



@Important @Smoke
Scenario: Test my Get Method111                                                                                 # src/test/resources/com/basic/tagsOfcucumberFF/GetRequestTesting.feature:5
  Given user start the rest asured test                                                                         # null
  When user hit the get request                                                                                 # null
  Then user checks the &quot;30&quot; count or size                                                                       # null
  Then user checks data at path &quot;MRData.limit&quot; having value &quot;30&quot; in jason                                       # null
  Then user checks data at path &quot;MRData.CircuitTable.Circuits[0].circuitId&quot; having value &quot;albert_park&quot; in jason # null
</system-out>
    <system-err>Jul 20, 2020 3:32:52 PM io.cucumber.junit.Cucumber &lt;init&gt;
WARNING: By default Cucumber is running in --non-strict mode.
This default will change to --strict and --non-strict will be removed.
You can use --strict or @CucumberOptions(strict = true) to suppress this warning
</system-err>
  </testcase>
  <testcase classname="First GET Rest Assured test105" name="Test my Get Method112" time="0.016">
    <skipped/>
    <system-out>
@Important @Smoke @Regression
Scenario: Test my Get Method112                                                                                 # src/test/resources/com/basic/tagsOfcucumberFF/GetRequestTesting.feature:13
  Given user start the rest asured test                                                                         # null
  When user hit the get request                                                                                 # null
  Then user checks the &quot;30&quot; count or size                                                                       # null
  Then user checks data at path &quot;MRData.limit&quot; having value &quot;30&quot; in jason                                       # null
  Then user checks data at path &quot;MRData.CircuitTable.Circuits[0].circuitId&quot; having value &quot;albert_park&quot; in jason # null
</system-out>
  </testcase>
</testsuite>