<?xml version="1.0" encoding="UTF-8" ?>
<testsuite tests="3" failures="0" name="com.basic.getRequestBasicsSD.RunnerGETRequestTest" time="0.195" errors="0" skipped="3">
  <properties>
[...]
</properties>
  <testcase classname="First GET Rest Assured test101" name="Test my Get Method101" time="0.08">
    <skipped/>
    <system-out>
Undefined scenarios:
file:///D:/IBM/workspace/CucumberLatestBuild/src/test/resources/com/basic/getRequestBasicFF/ValidateGetRequest.feature:3# 1.I want to test get request

1 Scenarios (1 undefined)
6 Steps (6 undefined)
0m0.025s


You can implement missing steps with the snippets below:

@Given(&quot;race ciricute application is running&quot;)
public void race_ciricute_application_is_running() {
    // Write code here that turns the phrase above into concrete actions
    throw new io.cucumber.java.PendingException();
}

@When(&quot;I hit get request to get response&quot;)
public void i_hit_get_request_to_get_response() {
    // Write code here that turns the phrase above into concrete actions
    throw new io.cucumber.java.PendingException();
}

@Then(&quot;I validate circuite {string} value as {string} present&quot;)
public void i_validate_circuite_value_as_present(String string, String string2) {
    // Write code here that turns the phrase above into concrete actions
    throw new io.cucumber.java.PendingException();
}

@Then(&quot;I validate circuite id value&quot;)
public void i_validate_circuite_id_value() {
    // Write code here that turns the phrase above into concrete actions
    throw new io.cucumber.java.PendingException();
}



Scenario: Test my Get Method101                                                                                 &amp;#27;[90m# src/test/resources/com/basic/getRequestBasicsFF/GetRequestTesting.feature:4&amp;#27;[0m
  &amp;#27;[33mGiven &amp;#27;[0m&amp;#27;[33muser start the rest asured test&amp;#27;[0m                                                                         &amp;#27;[90m# null&amp;#27;[0m
  &amp;#27;[33mWhen &amp;#27;[0m&amp;#27;[33muser hit the get request&amp;#27;[0m                                                                                 &amp;#27;[90m# null&amp;#27;[0m
  &amp;#27;[33mThen &amp;#27;[0m&amp;#27;[33muser checks the &quot;30&quot; count or size&amp;#27;[0m                                                                       &amp;#27;[90m# null&amp;#27;[0m
  &amp;#27;[33mThen &amp;#27;[0m&amp;#27;[33muser checks data at path &quot;MRData.limit&quot; having value &quot;30&quot; in jason&amp;#27;[0m                                       &amp;#27;[90m# null&amp;#27;[0m
  &amp;#27;[33mThen &amp;#27;[0m&amp;#27;[33muser checks data at path &quot;MRData.CircuitTable.Circuits[0].circuitId&quot; having value &quot;albert_park&quot; in jason&amp;#27;[0m &amp;#27;[90m# null&amp;#27;[0m
  &amp;#27;[33mThen &amp;#27;[0m&amp;#27;[33muser checks data at path &quot;MRData.CircuitTable.Circuits[3].circuitId&quot; having value &quot;MOnaco&quot; in jason&amp;#27;[0m      &amp;#27;[90m# null&amp;#27;[0m
</system-out>
    <system-err>Jul 20, 2020 4:32:48 PM io.cucumber.junit.Cucumber &lt;init&gt;
WARNING: By default Cucumber is running in --non-strict mode.
This default will change to --strict and --non-strict will be removed.
You can use --strict or @CucumberOptions(strict = true) to suppress this warning
</system-err>
  </testcase>
  <testcase classname="First GET Rest Assured test101" name="Test my Get Method101" time="0.066">
    <skipped/>
    <system-out>
Scenario: Test my Get Method101                                                                                 &amp;#27;[90m# src/test/resources/com/basic/getRequestBasicsFF/GetRequestTesting2.feature:4&amp;#27;[0m
  &amp;#27;[33mGiven &amp;#27;[0m&amp;#27;[33muser start the rest asured test&amp;#27;[0m                                                                         &amp;#27;[90m# null&amp;#27;[0m
  &amp;#27;[33mWhen &amp;#27;[0m&amp;#27;[33muser hit the get request&amp;#27;[0m                                                                                 &amp;#27;[90m# null&amp;#27;[0m
  &amp;#27;[33mThen &amp;#27;[0m&amp;#27;[33muser checks the &quot;30&quot; count or size&amp;#27;[0m                                                                       &amp;#27;[90m# null&amp;#27;[0m
  &amp;#27;[33mThen &amp;#27;[0m&amp;#27;[33muser checks data at path &quot;MRData.limit&quot; having value &quot;30&quot; in jason&amp;#27;[0m                                       &amp;#27;[90m# null&amp;#27;[0m
  &amp;#27;[33mThen &amp;#27;[0m&amp;#27;[33muser checks data at path &quot;MRData.CircuitTable.Circuits[0].circuitId&quot; having value &quot;albert_park&quot; in jason&amp;#27;[0m &amp;#27;[90m# null&amp;#27;[0m
  &amp;#27;[33mThen &amp;#27;[0m&amp;#27;[33muser checks data at path &quot;MRData.CircuitTable.Circuits[3].circuitId&quot; having value &quot;BAK&quot; in jason&amp;#27;[0m         &amp;#27;[90m# null&amp;#27;[0m
</system-out>
  </testcase>
  <testcase classname="First GET Rest Assured test101" name="Test my Get Method101" time="0.049">
    <skipped/>
    <system-out>
Scenario: Test my Get Method101                                                                                 &amp;#27;[90m# src/test/resources/com/basic/getRequestBasicsFF/GetRequestTesting3.feature:4&amp;#27;[0m
  &amp;#27;[33mGiven &amp;#27;[0m&amp;#27;[33muser start the rest asured test&amp;#27;[0m                                                                         &amp;#27;[90m# null&amp;#27;[0m
  &amp;#27;[33mWhen &amp;#27;[0m&amp;#27;[33muser hit the get request&amp;#27;[0m                                                                                 &amp;#27;[90m# null&amp;#27;[0m
  &amp;#27;[33mThen &amp;#27;[0m&amp;#27;[33muser checks the &quot;30&quot; count or size&amp;#27;[0m                                                                       &amp;#27;[90m# null&amp;#27;[0m
  &amp;#27;[33mThen &amp;#27;[0m&amp;#27;[33muser checks data at path &quot;MRData.limit&quot; having value &quot;30&quot; in jason&amp;#27;[0m                                       &amp;#27;[90m# null&amp;#27;[0m
  &amp;#27;[33mThen &amp;#27;[0m&amp;#27;[33muser checks data at path &quot;MRData.CircuitTable.Circuits[0].circuitId&quot; having value &quot;albert_park&quot; in jason&amp;#27;[0m &amp;#27;[90m# null&amp;#27;[0m
  &amp;#27;[33mThen &amp;#27;[0m&amp;#27;[33muser checks data at path &quot;MRData.CircuitTable.Circuits[3].circuitId&quot; having value &quot;BAK&quot; in jason&amp;#27;[0m         &amp;#27;[90m# null&amp;#27;[0m
</system-out>
  </testcase>
</testsuite>