<?xml version="1.0" encoding="UTF-8" ?>
<testsuite tests="5" failures="0" name="com.basic.MyGoogleRestAssured.RunnerTestGoogleStatusCodeTest" time="0.135" errors="0" skipped="5">
  <properties>
[...]
</properties>
  <testcase classname="Testing basics" name="1.I want to test google is up and running" time="0.045">
    <skipped/>
    <system-out>
Undefined scenarios:
file:///D:/IBM/workspace/CucumberLatestBuild/src/test/resources/com/basic/MyGoogle22/MyFeatureFile.feature:3# 3.I want to test google is up and running
file:///D:/IBM/workspace/CucumberLatestBuild/src/test/resources/com/basic/MyGoogle22/MyFeatureFile.feature:8# 4.I want to test that I am getting data from F1
file:///D:/IBM/workspace/CucumberLatestBuild/src/test/resources/com/basic/MyGoogleRestAssured/MyFeatureFile.feature:3# 1.I want to test google is up and running
file:///D:/IBM/workspace/CucumberLatestBuild/src/test/resources/com/basic/MyGoogleRestAssured/MyFeatureFile.feature:8# 2.I want to test that I am getting data from F1

4 Scenarios (4 undefined)
10 Steps (10 undefined)
0m0.029s


You can implement missing steps with the snippets below:

@Given(&quot;google have website&quot;)
public void google_have_website() {
    // Write code here that turns the phrase above into concrete actions
    throw new io.cucumber.java.PendingException();
}

@When(&quot;I hit google application&quot;)
public void i_hit_google_application() {
    // Write code here that turns the phrase above into concrete actions
    throw new io.cucumber.java.PendingException();
}

@Then(&quot;I validate status code&quot;)
public void i_validate_status_code() {
    // Write code here that turns the phrase above into concrete actions
    throw new io.cucumber.java.PendingException();
}

@When(&quot;I hit F1 race application&quot;)
public void i_hit_F1_race_application() {
    // Write code here that turns the phrase above into concrete actions
    throw new io.cucumber.java.PendingException();
}

@Then(&quot;I validate the status code of F1 app&quot;)
public void i_validate_the_status_code_of_F1_app() {
    // Write code here that turns the phrase above into concrete actions
    throw new io.cucumber.java.PendingException();
}



Scenario: 1.I want to test google is up and running &amp;#27;[90m# src/test/resources/com/basic/MyGoogleRestAssured/MyFeatureFile.feature:3&amp;#27;[0m
  &amp;#27;[33mGiven &amp;#27;[0m&amp;#27;[33mgoogle have website&amp;#27;[0m                         &amp;#27;[90m# null&amp;#27;[0m
  &amp;#27;[33mWhen &amp;#27;[0m&amp;#27;[33mI hit google application&amp;#27;[0m                     &amp;#27;[90m# null&amp;#27;[0m
  &amp;#27;[33mThen &amp;#27;[0m&amp;#27;[33mI validate status code&amp;#27;[0m                       &amp;#27;[90m# null&amp;#27;[0m
</system-out>
    <system-err>Jul 20, 2020 3:32:52 PM io.cucumber.junit.Cucumber &lt;init&gt;
WARNING: By default Cucumber is running in --non-strict mode.
This default will change to --strict and --non-strict will be removed.
You can use --strict or @CucumberOptions(strict = true) to suppress this warning
</system-err>
  </testcase>
  <testcase classname="Testing basics" name="2.I want to test that I am getting data from F1" time="0.051">
    <skipped/>
    <system-out>
Scenario: 2.I want to test that I am getting data from F1 &amp;#27;[90m# src/test/resources/com/basic/MyGoogleRestAssured/MyFeatureFile.feature:8&amp;#27;[0m
  &amp;#27;[33mWhen &amp;#27;[0m&amp;#27;[33mI hit F1 race application&amp;#27;[0m                          &amp;#27;[90m# null&amp;#27;[0m
  &amp;#27;[33mThen &amp;#27;[0m&amp;#27;[33mI validate the status code of F1 app&amp;#27;[0m               &amp;#27;[90m# null&amp;#27;[0m
</system-out>
  </testcase>
  <testcase classname="Testing basics" name="1.I want to test google is up and running" time="0.015">
    <skipped/>
    <system-out>
Scenario: 1.I want to test google is up and running &amp;#27;[90m# src/test/resources/com/basic/MyGoogleRestAssured/MyFeatureFile2.feature:3&amp;#27;[0m
  &amp;#27;[33mGiven &amp;#27;[0m&amp;#27;[33mgoogle have website&amp;#27;[0m                         &amp;#27;[90m# null&amp;#27;[0m
  &amp;#27;[33mWhen &amp;#27;[0m&amp;#27;[33mI hit google application&amp;#27;[0m                     &amp;#27;[90m# null&amp;#27;[0m
  &amp;#27;[33mThen &amp;#27;[0m&amp;#27;[33mI validate status code&amp;#27;[0m                       &amp;#27;[90m# null&amp;#27;[0m
</system-out>
  </testcase>
  <testcase classname="Testing basics" name="2.I want to test that I am getting data from F1" time="0.003">
    <skipped/>
    <system-out>
Scenario: 2.I want to test that I am getting data from F1 &amp;#27;[90m# src/test/resources/com/basic/MyGoogleRestAssured/MyFeatureFile2.feature:8&amp;#27;[0m
  &amp;#27;[33mWhen &amp;#27;[0m&amp;#27;[33mI hit F1 race application&amp;#27;[0m                          &amp;#27;[90m# null&amp;#27;[0m
  &amp;#27;[33mThen &amp;#27;[0m&amp;#27;[33mI validate the status code of F1 app&amp;#27;[0m               &amp;#27;[90m# null&amp;#27;[0m
</system-out>
  </testcase>
  <testcase classname="Testing Google" name="test google status code" time="0.021">
    <skipped/>
    <system-out>
Scenario: test google status code    &amp;#27;[90m# src/test/resources/com/basic/MyGoogleRestAssured/TestGoogleStatusCode.feature:3&amp;#27;[0m
  &amp;#27;[33mGiven &amp;#27;[0m&amp;#27;[33mUser hit google applicaiton&amp;#27;[0m  &amp;#27;[90m# null&amp;#27;[0m
  &amp;#27;[33mThen &amp;#27;[0m&amp;#27;[33muser checks &quot;200&quot; status code&amp;#27;[0m &amp;#27;[90m# null&amp;#27;[0m
</system-out>
  </testcase>
</testsuite>