<?xml version="1.0" encoding="UTF-8" ?>
<testsuite tests="3" failures="1" name="com.basic.getRequestBasicsSD.RunnerGETRequestTest" time="12.605" errors="0" skipped="0">
  <properties>
[...]
</properties>
  <testcase classname="First GET Rest Assured test101" name="Test my Get Method101" time="1.704">
    <failure type="java.lang.AssertionError">java.lang.AssertionError
	at org.junit.Assert.fail(Assert.java:86)
	at org.junit.Assert.assertTrue(Assert.java:41)
	at org.junit.Assert.assertTrue(Assert.java:52)
	at com.basic.getRequestBasicsSD.GETRequestTestSD.user_checks_data_at_path_having_value_in_jason(GETRequestTestSD.java:42)
	at ✽.user checks data at path &quot;MRData.CircuitTable.Circuits[3].circuitId&quot; having value &quot;MOnaco&quot; in jason(file:///D:/IBM/workspace/CucumberLatestBuild/src/test/resources/com/basic/getRequestBasicsFF/GetRequestTesting.feature:10)
</failure>
    <system-out>
1 Scenarios (1 passed)
6 Steps (6 passed)
0m0.850s



Scenario: Test my Get Method101                                                                                 &amp;#27;[90m# src/test/resources/com/basic/getRequestBasicsFF/GetRequestTesting.feature:4&amp;#27;[0m
Starting of the GET script
  &amp;#27;[32mGiven &amp;#27;[0m&amp;#27;[32muser start the rest asured test&amp;#27;[0m                                                                         &amp;#27;[90m# com.basic.getRequestBasicsSD.GETRequestTestSD.user_start_the_rest_asured_test()&amp;#27;[0m
================={&quot;MRData&quot;:{&quot;xmlns&quot;:&quot;http:\/\/ergast.com\/mrd\/1.4&quot;,&quot;series&quot;:&quot;f1&quot;,&quot;url&quot;:&quot;http://ergast.com/api/f1/2017/circuits.json&quot;,&quot;limit&quot;:&quot;30&quot;,&quot;offset&quot;:&quot;0&quot;,&quot;total&quot;:&quot;20&quot;,&quot;CircuitTable&quot;:{&quot;season&quot;:&quot;2017&quot;,&quot;Circuits&quot;:[{&quot;circuitId&quot;:&quot;albert_park&quot;,&quot;url&quot;:&quot;http:\/\/en.wikipedia.org\/wiki\/Melbourne_Grand_Prix_Circuit&quot;,&quot;circuitName&quot;:&quot;Albert Park Grand Prix Circuit&quot;,&quot;Location&quot;:{&quot;lat&quot;:&quot;-37.8497&quot;,&quot;long&quot;:&quot;144.968&quot;,&quot;locality&quot;:&quot;Melbourne&quot;,&quot;country&quot;:&quot;Australia&quot;}},{&quot;circuitId&quot;:&quot;americas&quot;,&quot;url&quot;:&quot;http:\/\/en.wikipedia.org\/wiki\/Circuit_of_the_Americas&quot;,&quot;circuitName&quot;:&quot;Circuit of the Americas&quot;,&quot;Location&quot;:{&quot;lat&quot;:&quot;30.1328&quot;,&quot;long&quot;:&quot;-97.6411&quot;,&quot;locality&quot;:&quot;Austin&quot;,&quot;country&quot;:&quot;USA&quot;}},{&quot;circuitId&quot;:&quot;bahrain&quot;,&quot;url&quot;:&quot;http:\/\/en.wikipedia.org\/wiki\/Bahrain_International_Circuit&quot;,&quot;circuitName&quot;:&quot;Bahrain International Circuit&quot;,&quot;Location&quot;:{&quot;lat&quot;:&quot;26.0325&quot;,&quot;long&quot;:&quot;50.5106&quot;,&quot;locality&quot;:&quot;Sakhir&quot;,&quot;country&quot;:&quot;Bahrain&quot;}},{&quot;circuitId&quot;:&quot;BAK&quot;,&quot;url&quot;:&quot;http:\/\/en.wikipedia.org\/wiki\/Baku_City_Circuit&quot;,&quot;circuitName&quot;:&quot;Baku City Circuit&quot;,&quot;Location&quot;:{&quot;lat&quot;:&quot;40.3725&quot;,&quot;long&quot;:&quot;49.8533&quot;,&quot;locality&quot;:&quot;Baku&quot;,&quot;country&quot;:&quot;Azerbaijan&quot;}},{&quot;circuitId&quot;:&quot;catalunya&quot;,&quot;url&quot;:&quot;http:\/\/en.wikipedia.org\/wiki\/Circuit_de_Barcelona-Catalunya&quot;,&quot;circuitName&quot;:&quot;Circuit de Barcelona-Catalunya&quot;,&quot;Location&quot;:{&quot;lat&quot;:&quot;41.57&quot;,&quot;long&quot;:&quot;2.26111&quot;,&quot;locality&quot;:&quot;Montmeló&quot;,&quot;country&quot;:&quot;Spain&quot;}},{&quot;circuitId&quot;:&quot;hungaroring&quot;,&quot;url&quot;:&quot;http:\/\/en.wikipedia.org\/wiki\/Hungaroring&quot;,&quot;circuitName&quot;:&quot;Hungaroring&quot;,&quot;Location&quot;:{&quot;lat&quot;:&quot;47.5789&quot;,&quot;long&quot;:&quot;19.2486&quot;,&quot;locality&quot;:&quot;Budapest&quot;,&quot;country&quot;:&quot;Hungary&quot;}},{&quot;circuitId&quot;:&quot;interlagos&quot;,&quot;url&quot;:&quot;http:\/\/en.wikipedia.org\/wiki\/Aut%C3%B3dromo_Jos%C3%A9_Carlos_Pace&quot;,&quot;circuitName&quot;:&quot;Autódromo José Carlos Pace&quot;,&quot;Location&quot;:{&quot;lat&quot;:&quot;-23.7036&quot;,&quot;long&quot;:&quot;-46.6997&quot;,&quot;locality&quot;:&quot;São Paulo&quot;,&quot;country&quot;:&quot;Brazil&quot;}},{&quot;circuitId&quot;:&quot;marina_bay&quot;,&quot;url&quot;:&quot;http:\/\/en.wikipedia.org\/wiki\/Marina_Bay_Street_Circuit&quot;,&quot;circuitName&quot;:&quot;Marina Bay Street Circuit&quot;,&quot;Location&quot;:{&quot;lat&quot;:&quot;1.2914&quot;,&quot;long&quot;:&quot;103.864&quot;,&quot;locality&quot;:&quot;Marina Bay&quot;,&quot;country&quot;:&quot;Singapore&quot;}},{&quot;circuitId&quot;:&quot;monaco&quot;,&quot;url&quot;:&quot;http:\/\/en.wikipedia.org\/wiki\/Circuit_de_Monaco&quot;,&quot;circuitName&quot;:&quot;Circuit de Monaco&quot;,&quot;Location&quot;:{&quot;lat&quot;:&quot;43.7347&quot;,&quot;long&quot;:&quot;7.42056&quot;,&quot;locality&quot;:&quot;Monte-Carlo&quot;,&quot;country&quot;:&quot;Monaco&quot;}},{&quot;circuitId&quot;:&quot;monza&quot;,&quot;url&quot;:&quot;http:\/\/en.wikipedia.org\/wiki\/Autodromo_Nazionale_Monza&quot;,&quot;circuitName&quot;:&quot;Autodromo Nazionale di Monza&quot;,&quot;Location&quot;:{&quot;lat&quot;:&quot;45.6156&quot;,&quot;long&quot;:&quot;9.28111&quot;,&quot;locality&quot;:&quot;Monza&quot;,&quot;country&quot;:&quot;Italy&quot;}},{&quot;circuitId&quot;:&quot;red_bull_ring&quot;,&quot;url&quot;:&quot;http:\/\/en.wikipedia.org\/wiki\/Red_Bull_Ring&quot;,&quot;circuitName&quot;:&quot;Red Bull Ring&quot;,&quot;Location&quot;:{&quot;lat&quot;:&quot;47.2197&quot;,&quot;long&quot;:&quot;14.7647&quot;,&quot;locality&quot;:&quot;Spielburg&quot;,&quot;country&quot;:&quot;Austria&quot;}},{&quot;circuitId&quot;:&quot;rodriguez&quot;,&quot;url&quot;:&quot;http:\/\/en.wikipedia.org\/wiki\/Aut%C3%B3dromo_Hermanos_Rodr%C3%ADguez&quot;,&quot;circuitName&quot;:&quot;Autódromo Hermanos Rodríguez&quot;,&quot;Location&quot;:{&quot;lat&quot;:&quot;19.4042&quot;,&quot;long&quot;:&quot;-99.0907&quot;,&quot;locality&quot;:&quot;Mexico City&quot;,&quot;country&quot;:&quot;Mexico&quot;}},{&quot;circuitId&quot;:&quot;sepang&quot;,&quot;url&quot;:&quot;http:\/\/en.wikipedia.org\/wiki\/Sepang_International_Circuit&quot;,&quot;circuitName&quot;:&quot;Sepang International Circuit&quot;,&quot;Location&quot;:{&quot;lat&quot;:&quot;2.76083&quot;,&quot;long&quot;:&quot;101.738&quot;,&quot;locality&quot;:&quot;Kuala Lumpur&quot;,&quot;country&quot;:&quot;Malaysia&quot;}},{&quot;circuitId&quot;:&quot;shanghai&quot;,&quot;url&quot;:&quot;http:\/\/en.wikipedia.org\/wiki\/Shanghai_International_Circuit&quot;,&quot;circuitName&quot;:&quot;Shanghai International Circuit&quot;,&quot;Location&quot;:{&quot;lat&quot;:&quot;31.3389&quot;,&quot;long&quot;:&quot;121.22&quot;,&quot;locality&quot;:&quot;Shanghai&quot;,&quot;country&quot;:&quot;China&quot;}},{&quot;circuitId&quot;:&quot;silverstone&quot;,&quot;url&quot;:&quot;http:\/\/en.wikipedia.org\/wiki\/Silverstone_Circuit&quot;,&quot;circuitName&quot;:&quot;Silverstone Circuit&quot;,&quot;Location&quot;:{&quot;lat&quot;:&quot;52.0786&quot;,&quot;long&quot;:&quot;-1.01694&quot;,&quot;locality&quot;:&quot;Silverstone&quot;,&quot;country&quot;:&quot;UK&quot;}},{&quot;circuitId&quot;:&quot;sochi&quot;,&quot;url&quot;:&quot;http:\/\/en.wikipedia.org\/wiki\/Sochi_Autodrom&quot;,&quot;circuitName&quot;:&quot;Sochi Autodrom&quot;,&quot;Location&quot;:{&quot;lat&quot;:&quot;43.4057&quot;,&quot;long&quot;:&quot;39.9578&quot;,&quot;locality&quot;:&quot;Sochi&quot;,&quot;country&quot;:&quot;Russia&quot;}},{&quot;circuitId&quot;:&quot;spa&quot;,&quot;url&quot;:&quot;http:\/\/en.wikipedia.org\/wiki\/Circuit_de_Spa-Francorchamps&quot;,&quot;circuitName&quot;:&quot;Circuit de Spa-Francorchamps&quot;,&quot;Location&quot;:{&quot;lat&quot;:&quot;50.4372&quot;,&quot;long&quot;:&quot;5.97139&quot;,&quot;locality&quot;:&quot;Spa&quot;,&quot;country&quot;:&quot;Belgium&quot;}},{&quot;circuitId&quot;:&quot;suzuka&quot;,&quot;url&quot;:&quot;http:\/\/en.wikipedia.org\/wiki\/Suzuka_Circuit&quot;,&quot;circuitName&quot;:&quot;Suzuka Circuit&quot;,&quot;Location&quot;:{&quot;lat&quot;:&quot;34.8431&quot;,&quot;long&quot;:&quot;136.541&quot;,&quot;locality&quot;:&quot;Suzuka&quot;,&quot;country&quot;:&quot;Japan&quot;}},{&quot;circuitId&quot;:&quot;villeneuve&quot;,&quot;url&quot;:&quot;http:\/\/en.wikipedia.org\/wiki\/Circuit_Gilles_Villeneuve&quot;,&quot;circuitName&quot;:&quot;Circuit Gilles Villeneuve&quot;,&quot;Location&quot;:{&quot;lat&quot;:&quot;45.5&quot;,&quot;long&quot;:&quot;-73.5228&quot;,&quot;locality&quot;:&quot;Montreal&quot;,&quot;country&quot;:&quot;Canada&quot;}},{&quot;circuitId&quot;:&quot;yas_marina&quot;,&quot;url&quot;:&quot;http:\/\/en.wikipedia.org\/wiki\/Yas_Marina_Circuit&quot;,&quot;circuitName&quot;:&quot;Yas Marina Circuit&quot;,&quot;Location&quot;:{&quot;lat&quot;:&quot;24.4672&quot;,&quot;long&quot;:&quot;54.6031&quot;,&quot;locality&quot;:&quot;Abu Dhabi&quot;,&quot;country&quot;:&quot;UAE&quot;}}]}}}
Date=Mon, 20 Jul 2020 13:43:05 GMT
Server=Apache/2.2.15 (CentOS)
X-Powered-By=PHP/5.3.3
Access-Control-Allow-Origin=*
Content-Length=4551
Connection=close
Content-Type=application/json; charset=utf-8
  &amp;#27;[32mWhen &amp;#27;[0m&amp;#27;[32muser hit the get request&amp;#27;[0m                                                                                 &amp;#27;[90m# com.basic.getRequestBasicsSD.GETRequestTestSD.user_hit_the_get_request()&amp;#27;[0m
  &amp;#27;[32mThen &amp;#27;[0m&amp;#27;[32muser checks the &quot;&amp;#27;[0m&amp;#27;[32m&amp;#27;[1m30&amp;#27;[0m&amp;#27;[32m&quot; count or size&amp;#27;[0m                                                                       &amp;#27;[90m# com.basic.getRequestBasicsSD.GETRequestTestSD.user_checks_the_count_or_size(java.lang.String)&amp;#27;[0m
  &amp;#27;[32mThen &amp;#27;[0m&amp;#27;[32muser checks data at path &quot;&amp;#27;[0m&amp;#27;[32m&amp;#27;[1mMRData.limit&amp;#27;[0m&amp;#27;[32m&quot; having value &quot;&amp;#27;[0m&amp;#27;[32m&amp;#27;[1m30&amp;#27;[0m&amp;#27;[32m&quot; in jason&amp;#27;[0m                                       &amp;#27;[90m# com.basic.getRequestBasicsSD.GETRequestTestSD.user_checks_data_at_path_having_value_in_jason(java.lang.String,java.lang.String)&amp;#27;[0m
  &amp;#27;[32mThen &amp;#27;[0m&amp;#27;[32muser checks data at path &quot;&amp;#27;[0m&amp;#27;[32m&amp;#27;[1mMRData.CircuitTable.Circuits[0].circuitId&amp;#27;[0m&amp;#27;[32m&quot; having value &quot;&amp;#27;[0m&amp;#27;[32m&amp;#27;[1malbert_park&amp;#27;[0m&amp;#27;[32m&quot; in jason&amp;#27;[0m &amp;#27;[90m# com.basic.getRequestBasicsSD.GETRequestTestSD.user_checks_data_at_path_having_value_in_jason(java.lang.String,java.lang.String)&amp;#27;[0m
  &amp;#27;[31mThen &amp;#27;[0m&amp;#27;[31muser checks data at path &quot;&amp;#27;[0m&amp;#27;[31m&amp;#27;[1mMRData.CircuitTable.Circuits[3].circuitId&amp;#27;[0m&amp;#27;[31m&quot; having value &quot;&amp;#27;[0m&amp;#27;[31m&amp;#27;[1mMOnaco&amp;#27;[0m&amp;#27;[31m&quot; in jason&amp;#27;[0m      &amp;#27;[90m# com.basic.getRequestBasicsSD.GETRequestTestSD.user_checks_data_at_path_having_value_in_jason(java.lang.String,java.lang.String)&amp;#27;[0m
      &amp;#27;[31mjava.lang.AssertionError
	at org.junit.Assert.fail(Assert.java:86)
	at org.junit.Assert.assertTrue(Assert.java:41)
	at org.junit.Assert.assertTrue(Assert.java:52)
	at com.basic.getRequestBasicsSD.GETRequestTestSD.user_checks_data_at_path_having_value_in_jason(GETRequestTestSD.java:42)
	at ?.user checks data at path &quot;MRData.CircuitTable.Circuits[3].circuitId&quot; having value &quot;MOnaco&quot; in jason(file:///D:/IBM/workspace/CucumberLatestBuild/src/test/resources/com/basic/getRequestBasicsFF/GetRequestTesting.feature:10)
&amp;#27;[0m
</system-out>
    <system-err>Jul 20, 2020 6:31:26 PM io.cucumber.junit.Cucumber &lt;init&gt;
WARNING: By default Cucumber is running in --non-strict mode.
This default will change to --strict and --non-strict will be removed.
You can use --strict or @CucumberOptions(strict = true) to suppress this warning
</system-err>
  </testcase>
  <testcase classname="First GET Rest Assured test101" name="Test my Get Method101" time="1.718"/>
  <testcase classname="First GET Rest Assured test101" name="Test my Get Method101" time="9.183"/>
</testsuite>